<?xml version="1.0" encoding="UTF-8"?>
<!-- Generated by org.testng.reporters.JUnitReportReporter -->
<testsuite hostname="M1525102" name="com.cerner.pctorion.chartTests.ORN_VR_VISITLIST" tests="1" failures="0" timestamp="3 Jan 2017 12:03:33 GMT" time="266.456" errors="0">
  <testcase name="ornVrVisitList" time="266.456" classname="com.cerner.pctorion.chartTests.ORN_VR_VISITLIST"/>
</testsuite> <!-- com.cerner.pctorion.chartTests.ORN_VR_VISITLIST -->
