<?xml version="1.0" encoding="UTF-8"?>
<!-- Generated by org.testng.reporters.JUnitReportReporter -->
<testsuite skipped="0" hostname="W1647023" name="com.cerner.pctorion.platformTests.ORN_VR_PatientSearchEncounter" tests="1" failures="0" timestamp="28 Oct 2016 16:46:51 GMT" time="30.836" errors="0">
  <testcase name="VRPatientSearch" time="30.836" classname="com.cerner.pctorion.platformTests.ORN_VR_PatientSearchEncounter"/>
</testsuite> <!-- com.cerner.pctorion.platformTests.ORN_VR_PatientSearchEncounter -->
