<?xml version="1.0" encoding="UTF-8"?>
<!-- Generated by org.testng.reporters.JUnitReportReporter -->
<testsuite hostname="M1525102" name="com.cerner.pctorion.platformTests.ORN_VR_PatientSearch" tests="1" failures="0" timestamp="28 Dec 2016 09:06:08 GMT" time="96.430" errors="0">
  <testcase name="VRPatientSearch" time="96.430" classname="com.cerner.pctorion.platformTests.ORN_VR_PatientSearch"/>
</testsuite> <!-- com.cerner.pctorion.platformTests.ORN_VR_PatientSearch -->
