<?xml version="1.0" encoding="UTF-8"?>
<!-- Generated by org.testng.reporters.JUnitReportReporter -->
<testsuite hostname="M1525102" name="com.cerner.pctorion.chartTests.ORN_VR_VISITLIST" tests="1" failures="0" timestamp="2 Jan 2017 11:10:30 GMT" time="86.134" errors="0">
  <testcase name="ornVrVisitList" time="86.134" classname="com.cerner.pctorion.chartTests.ORN_VR_VISITLIST"/>
</testsuite> <!-- com.cerner.pctorion.chartTests.ORN_VR_VISITLIST -->
